Arguments: 
  C:\Program Files\nodejs\node.exe C:\Users\leandro\AppData\Roaming\npm\node_modules\yarn\bin\yarn.js add expo

PATH: 
  C:\Users\leandro\bin;C:\Program Files\Git\mingw64\bin;C:\Program Files\Git\usr\local\bin;C:\Program Files\Git\usr\bin;C:\Program Files\Git\usr\bin;C:\Program Files\Git\mingw64\bin;C:\Program Files\Git\usr\bin;C:\Users\leandro\bin;C:\Program Files (x86)\Common Files\Oracle\Java\javapath;C:\Windows\system32;C:\Windows;C:\Windows\System32\Wbem;C:\Windows\System32\WindowsPowerShell\v1.0;C:\Windows\System32\OpenSSH;C:\Program Files\Git\cmd;C:\Program Files\nodejs;C:\ProgramData\chocolatey\bin;C:\Users\leandro\AppData\Local\Programs\Python\Python39\Scripts;C:\Users\leandro\AppData\Local\Programs\Python\Python39;C:\Users\leandro\AppData\Local\Microsoft\WindowsApps;C:\Users\leandro\AppData\Local\Programs\Microsoft VS Code\bin;C:\Program Files\MySQL\MySQL Server 8.0\bin;C:\Users\leandro\AppData\Roaming\npm;C:\Users\leandro\AppData\Local\Android\Sdk\platform-tools;C:\Users\leandro\AppData\Local\Android\Sdk\emulator;C:\Users\leandro\.android\avd;C:\Users\leandro\.npm-global\node_modules\typescript\bin;C:\Program Files\Git\usr\bin\vendor_perl;C:\Program Files\Git\usr\bin\core_perl

Yarn version: 
  1.22.10

Node version: 
  14.15.4

Platform: 
  win32 x64

Trace: 
  Error: 9884:error:1408F119:SSL routines:ssl3_get_record:decryption failed or bad record mac:c:\ws\deps\openssl\openssl\ssl\record\ssl3_record.c:677:

npm manifest: 
  {
    "main": "node_modules/expo/AppEntry.js",
    "scripts": {
      "start": "expo start",
      "android": "expo start --android",
      "ios": "expo start --ios",
      "web": "expo start --web",
      "eject": "expo eject"
    },
    "dependencies": {
      "@react-native-community/masked-view": "0.1.10",
      "@react-navigation/native": "^5.9.2",
      "@react-navigation/stack": "^5.14.2",
      "axios": "^0.21.1",
      "expo": "~40.0.0",
      "expo-sqlite": "~8.5.0",
      "expo-status-bar": "~1.0.3",
      "react": "16.13.1",
      "react-dom": "16.13.1",
      "react-native": "https://github.com/expo/react-native/archive/sdk-40.0.1.tar.gz",
      "react-native-gesture-handler": "~1.8.0",
      "react-native-reanimated": "^1.13.2",
      "react-native-safe-area-context": "3.1.9",
      "react-native-screens": "~2.15.2",
      "react-native-web": "~0.13.12",
      "react-navigation": "^4.4.3"
    },
    "devDependencies": {
      "@babel/core": "~7.9.0",
      "@types/react": "~16.9.35",
      "@types/react-dom": "~16.9.8",
      "@types/react-native": "~0.63.2",
      "typescript": "~4.0.0"
    },
    "private": true
  }

yarn manifest: 
  No manifest

Lockfile: 
  No lockfile
